<?xml version="1.0" encoding="UTF-8"?>
<!-- Generated by org.testng.reporters.JUnitXMLReporter -->
<testsuite hostname="BG3WS0348" ignored="0" name="ABTesting" tests="6" failures="6" timestamp="18 Jun 2020 06:03:44 GMT" time="2.063" errors="0">
  <testcase name="testTitle" time="0.003" classname="com.selenium.demo.FirstWebElement">
    <failure type="java.lang.NullPointerException">
      <![CDATA[java.lang.NullPointerException
	at com.selenium.demo.FirstWebElement.testTitle(FirstWebElement.java:14)
... Removed 25 stack frames]]>
    </failure>
  </testcase> <!-- testTitle -->
  <testcase name="abtest" time="0.005" classname="com.selenium.demo.FirstWebElement">
    <failure type="java.lang.NullPointerException">
      <![CDATA[java.lang.NullPointerException
	at com.selenium.demo.FirstWebElement.abtest(FirstWebElement.java:21)
... Removed 25 stack frames]]>
    </failure>
  </testcase> <!-- abtest -->
  <testcase name="headingTest" time="0.5" classname="com.selenium.demo.FirstWebElement">
    <failure type="java.lang.NullPointerException">
      <![CDATA[java.lang.NullPointerException
	at com.selenium.demo.FirstWebElement.headingTest(FirstWebElement.java:34)
... Removed 25 stack frames]]>
    </failure>
  </testcase> <!-- headingTest -->
  <testcase name="contentTesting" time="0.504" classname="com.selenium.demo.FirstWebElement">
    <failure type="java.lang.NullPointerException">
      <![CDATA[java.lang.NullPointerException
	at com.selenium.demo.FirstWebElement.contentTesting(FirstWebElement.java:50)
... Removed 25 stack frames]]>
    </failure>
  </testcase> <!-- contentTesting -->
  <testcase name="footerTesting" time="0.504" classname="com.selenium.demo.FirstWebElement">
    <failure type="java.lang.NullPointerException">
      <![CDATA[java.lang.NullPointerException
	at com.selenium.demo.FirstWebElement.footerTesting(FirstWebElement.java:63)
... Removed 25 stack frames]]>
    </failure>
  </testcase> <!-- footerTesting -->
  <testcase name="backnavTesting" time="0.505" classname="com.selenium.demo.FirstWebElement">
    <failure type="java.lang.NullPointerException">
      <![CDATA[java.lang.NullPointerException
	at com.selenium.demo.FirstWebElement.backnavTesting(FirstWebElement.java:75)
... Removed 25 stack frames]]>
    </failure>
  </testcase> <!-- backnavTesting -->
</testsuite> <!-- ABTesting -->
