<?xml version="1.0" encoding="UTF-8"?>
<!-- Generated by org.testng.reporters.JUnitXMLReporter -->
<testsuite hostname="BG3WS0348" ignored="1" name="ARTesting" tests="1" failures="1" timestamp="18 Jun 2020 06:05:59 GMT" time="5.015" errors="0">
  <testcase name="addRemoveTesting" time="5.006" classname="com.selenium.demo.ARElements">
    <failure type="java.lang.NullPointerException">
      <![CDATA[java.lang.NullPointerException
	at com.selenium.demo.ARElements.addRemoveTesting(ARElements.java:18)
... Removed 25 stack frames]]>
    </failure>
  </testcase> <!-- addRemoveTesting -->
  <testcase name="@BeforeSuite launchBrowser" time="0.0" classname="com.selenium.demo.IEWebDriver">
    <ignored/>
  </testcase> <!-- @BeforeSuite launchBrowser -->
</testsuite> <!-- ARTesting -->
